TN:
SF:/usr/include/c++/5/iostream
DA:74,1
LF:1
LH:1
end_of_record
SF:/home/goteciuc/C++/faculta/dsa/Path_in_a_maze/PriorityQueue.h
FN:6,_Z14defaultCompareIiEbT_S0_
FN:29,_ZN13PriorityQueueIiiEC2EPFbiiE
FN:33,_ZN13PriorityQueueIiiED2Ev
FN:40,_ZN13PriorityQueueIiiE4pushEii
FN:71,_ZN13PriorityQueueIiiE3popERiS1_
FN:84,_ZN13PriorityQueueIiiE3topERiS1_
FN:91,_ZN13PriorityQueueIiiE7isEmptyEv
FNDA:20,_Z14defaultCompareIiEbT_S0_
FNDA:1,_ZN13PriorityQueueIiiEC2EPFbiiE
FNDA:1,_ZN13PriorityQueueIiiED2Ev
FNDA:16,_ZN13PriorityQueueIiiE4pushEii
FNDA:12,_ZN13PriorityQueueIiiE3popERiS1_
FNDA:12,_ZN13PriorityQueueIiiE3topERiS1_
FNDA:2,_ZN13PriorityQueueIiiE7isEmptyEv
FNF:7
FNH:7
DA:6,20
DA:8,20
DA:29,1
DA:30,1
DA:31,1
DA:32,1
DA:33,6
DA:34,11
DA:35,5
DA:36,5
DA:37,5
DA:39,1
DA:40,16
DA:41,16
DA:42,16
DA:43,16
DA:44,16
DA:46,16
DA:47,2
DA:48,2
DA:49,2
DA:50,2
DA:52,14
DA:53,32
DA:54,9
DA:56,14
DA:57,3
DA:58,3
DA:59,3
DA:61,11
DA:62,11
DA:63,11
DA:64,1
DA:66,10
DA:68,11
DA:71,12
DA:72,12
DA:73,1
DA:75,11
DA:76,11
DA:77,11
DA:78,11
DA:79,11
DA:80,1
DA:82,11
DA:83,11
DA:84,12
DA:85,12
DA:86,1
DA:88,11
DA:89,11
DA:90,11
DA:91,2
DA:92,2
LF:54
LH:54
end_of_record
SF:/home/goteciuc/C++/faculta/dsa/Path_in_a_maze/Queue.h
FN:25,_ZN5QueueIiEC2Ev
FN:38,_ZN5QueueIiED2Ev
FN:42,_ZN5QueueIiE6resizeEv
FN:59,_ZN5QueueIiE4pushEi
FN:79,_ZN5QueueIiE3popEv
FN:94,_ZN5QueueIiE5frontEv
FN:101,_ZN5QueueIiE7isEmptyEv
FNDA:1,_ZN5QueueIiEC2Ev
FNDA:1,_ZN5QueueIiED2Ev
FNDA:1,_ZN5QueueIiE6resizeEv
FNDA:20,_ZN5QueueIiE4pushEi
FNDA:21,_ZN5QueueIiE3popEv
FNDA:21,_ZN5QueueIiE5frontEv
FNDA:2,_ZN5QueueIiE7isEmptyEv
FNF:7
FNH:7
DA:25,1
DA:26,1
DA:27,1
DA:28,1
DA:29,1
DA:30,1
DA:31,11
DA:32,10
DA:33,10
DA:35,1
DA:36,1
DA:38,1
DA:39,1
DA:40,1
DA:42,1
DA:43,1
DA:44,11
DA:45,10
DA:48,1
DA:49,11
DA:50,10
DA:51,10
DA:53,1
DA:54,1
DA:55,1
DA:56,1
DA:57,1
DA:59,20
DA:60,20
DA:61,1
DA:63,20
DA:64,20
DA:65,20
DA:66,20
DA:67,2
DA:68,2
DA:69,2
DA:70,2
DA:72,18
DA:73,18
DA:74,18
DA:75,18
DA:77,20
DA:79,21
DA:80,21
DA:81,1
DA:83,20
DA:84,2
DA:86,20
DA:87,20
DA:88,20
DA:89,20
DA:90,20
DA:91,20
DA:94,21
DA:95,21
DA:96,1
DA:98,20
DA:101,2
DA:102,2
LF:60
LH:60
end_of_record
SF:/usr/include/c++/5/iostream
DA:74,1
LF:1
LH:1
end_of_record
SF:/home/goteciuc/C++/faculta/dsa/Path_in_a_maze/main.cpp
FN:12,_Z14smallTestQueuev
FN:44,_Z11smallTestPQv
FN:77,main
FN:81,_GLOBAL__sub_I__Z14smallTestQueuev
FN:81,_Z41__static_initialization_and_destruction_0ii
FNDA:1,_Z14smallTestQueuev
FNDA:1,_Z11smallTestPQv
FNDA:1,main
FNDA:1,_GLOBAL__sub_I__Z14smallTestQueuev
FNDA:1,_Z41__static_initialization_and_destruction_0ii
FNF:5
FNH:5
DA:12,1
DA:13,2
DA:14,1
DA:15,16
DA:16,15
DA:18,1
DA:19,16
DA:20,15
DA:21,15
DA:23,6
DA:24,5
DA:26,6
DA:27,5
DA:28,5
DA:31,1
DA:32,0
DA:33,1
DA:37,1
DA:38,0
DA:39,1
DA:42,1
DA:44,1
DA:45,2
DA:46,1
DA:47,12
DA:48,11
DA:50,1
DA:52,12
DA:53,11
DA:54,11
DA:55,11
DA:56,11
DA:59,1
DA:60,0
DA:61,1
DA:65,1
DA:66,0
DA:67,1
DA:70,1
DA:71,1
DA:72,1
DA:73,1
DA:74,1
DA:75,1
DA:77,1
DA:78,1
DA:79,1
DA:80,1
DA:81,3
LF:49
LH:45
end_of_record
